<?xml version="1.0" encoding="UTF-8"?>
<!-- Generated by org.testng.reporters.JUnitReportReporter -->
<testsuite skipped="0" hostname="MajidPathan-PC" name="com.set.seleniumtestng" tests="1" failures="0" timestamp="11 Dec 2017 02:59:17 GMT" time="0.014" errors="0">
  <testcase name="f" time="0.014" classname="com.set.seleniumtestng"/>
</testsuite> <!-- com.set.seleniumtestng -->
