<?xml version="1.0" encoding="UTF-8"?>
<!-- Generated by org.testng.reporters.JUnitReportReporter -->
<testsuite skipped="0" hostname="MajidPathan-PC" name="page.object.model.MyMainClass" tests="3" failures="0" timestamp="18 Jan 2018 03:19:06 GMT" time="55.338" errors="0">
  <testcase name="signUp" time="44.421" classname="page.object.model.MyMainClass"/>
  <testcase name="login" time="10.914" classname="page.object.model.MyMainClass"/>
  <testcase name="product" time="0.003" classname="page.object.model.MyMainClass"/>
</testsuite> <!-- page.object.model.MyMainClass -->
