<?xml version="1.0" encoding="UTF-8"?>
<!-- Generated by org.testng.reporters.JUnitReportReporter -->
<testsuite skipped="0" hostname="MajidPathan-PC" name="page.object.model.MyMainClass" tests="3" failures="0" timestamp="17 Jan 2018 03:33:50 GMT" time="29.002" errors="0">
  <testcase name="signUp" time="24.870" classname="page.object.model.MyMainClass"/>
  <testcase name="login" time="4.129" classname="page.object.model.MyMainClass"/>
  <testcase name="product" time="0.003" classname="page.object.model.MyMainClass"/>
</testsuite> <!-- page.object.model.MyMainClass -->
