<?xml version="1.0" encoding="UTF-8"?>
<!-- Generated by org.testng.reporters.JUnitReportReporter -->
<testsuite skipped="0" hostname="MajidPathan-PC" name="page.object.model.MyMainClass" tests="3" failures="0" timestamp="17 Jan 2018 03:09:38 GMT" time="42.490" errors="0">
  <testcase name="signUp" time="33.857" classname="page.object.model.MyMainClass"/>
  <testcase name="login" time="8.629" classname="page.object.model.MyMainClass"/>
  <testcase name="product" time="0.004" classname="page.object.model.MyMainClass"/>
</testsuite> <!-- page.object.model.MyMainClass -->
